0 info it worked if it ends with ok
1 verbose cli [ '/usr/local/bin/node', '/usr/local/bin/npm', 'run', 'dev' ]
2 info using npm@3.9.5
3 info using node@v6.2.2
4 verbose run-script [ 'predev', 'dev', 'postdev' ]
5 info lifecycle webpack-demo@1.0.0~predev: webpack-demo@1.0.0
6 silly lifecycle webpack-demo@1.0.0~predev: no script for predev, continuing
7 info lifecycle webpack-demo@1.0.0~dev: webpack-demo@1.0.0
8 verbose lifecycle webpack-demo@1.0.0~dev: unsafe-perm in lifecycle true
9 verbose lifecycle webpack-demo@1.0.0~dev: PATH: /usr/local/lib/node_modules/npm/bin/node-gyp-bin:/home/weimin/git/javascript/exercises/react/webpack-demo/node_modules/.bin:/usr/local/bin:/home/weimin/bin:/usr/lib/lightdm/lightdm:/usr/local/sbin:/usr/local/bin:/usr/sbin:/usr/bin:/sbin:/bin:/usr/games
10 verbose lifecycle webpack-demo@1.0.0~dev: CWD: /home/weimin/git/javascript/exercises/react/webpack-demo
11 silly lifecycle webpack-demo@1.0.0~dev: Args: [ '-c',
11 silly lifecycle   'node_modules/webpack-dev-server/bin/webpack-dev-server --progress --colors --content-base build' ]
12 info lifecycle webpack-demo@1.0.0~dev: Failed to exec dev script
13 verbose stack Error: webpack-demo@1.0.0 dev: `node_modules/webpack-dev-server/bin/webpack-dev-server --progress --colors --content-base build`
13 verbose stack spawn ENOENT
13 verbose stack     at ChildProcess.<anonymous> (/usr/local/lib/node_modules/npm/lib/utils/spawn.js:17:16)
13 verbose stack     at emitTwo (events.js:106:13)
13 verbose stack     at ChildProcess.emit (events.js:191:7)
13 verbose stack     at maybeClose (internal/child_process.js:852:16)
13 verbose stack     at Process.ChildProcess._handle.onexit (internal/child_process.js:215:5)
14 verbose pkgid webpack-demo@1.0.0
15 verbose cwd /home/weimin/git/javascript/exercises/react/webpack-demo
16 error Linux 3.13.0-68-generic
17 error argv "/usr/local/bin/node" "/usr/local/bin/npm" "run" "dev"
18 error node v6.2.2
19 error npm  v3.9.5
20 error file sh
21 error code ELIFECYCLE
22 error errno ENOENT
23 error syscall spawn
24 error webpack-demo@1.0.0 dev: `node_modules/webpack-dev-server/bin/webpack-dev-server --progress --colors --content-base build`
24 error spawn ENOENT
25 error Failed at the webpack-demo@1.0.0 dev script 'node_modules/webpack-dev-server/bin/webpack-dev-server --progress --colors --content-base build'.
25 error Make sure you have the latest version of node.js and npm installed.
25 error If you do, this is most likely a problem with the webpack-demo package,
25 error not with npm itself.
25 error Tell the author that this fails on your system:
25 error     node_modules/webpack-dev-server/bin/webpack-dev-server --progress --colors --content-base build
25 error You can get information on how to open an issue for this project with:
25 error     npm bugs webpack-demo
25 error Or if that isn't available, you can get their info via:
25 error     npm owner ls webpack-demo
25 error There is likely additional logging output above.
26 verbose exit [ 1, true ]
